# JRE version: Java(TM) SE Runtime Environment (8.0_60-b27) (build 1.8.0_60-b27)
# Java VM: Java HotSpot(TM) 64-Bit Server VM (25.60-b23 mixed mode windows-amd64 compressed oops)
Heap:
 PSYoungGen      total 232960K, used 73994K [0x00000000eab00000, 0x0000000100000000, 0x0000000100000000)
  eden space 116736K, 0% used [0x00000000eab00000,0x00000000eab00000,0x00000000f1d00000)
  from space 116224K, 63% used [0x00000000f1d00000,0x00000000f6542928,0x00000000f8e80000)
  to   space 116224K, 0% used [0x00000000f8e80000,0x00000000f8e80000,0x0000000100000000)
 ParOldGen       total 363008K, used 362617K [0x00000000c0000000, 0x00000000d6280000, 0x00000000eab00000)
  object space 363008K, 99% used [0x00000000c0000000,0x00000000d621e468,0x00000000d6280000)
 Metaspace       used 6664K, capacity 7320K, committed 7680K, reserved 1056768K
  class space    used 628K, capacity 656K, committed 768K, reserved 1048576K
GC Heap History (10 events):
Event: 24.583 GC heap after
Heap after GC invocations=23 (full 4):
 PSYoungGen      total 270848K, used 78322K [0x00000000eab00000, 0x0000000100000000, 0x0000000100000000)
  eden space 192512K, 0% used [0x00000000eab00000,0x00000000eab00000,0x00000000f6700000)
  from space 78336K, 99% used [0x00000000f6700000,0x00000000fb37cbd8,0x00000000fb380000)
  to   space 78336K, 0% used [0x00000000fb380000,0x00000000fb380000,0x0000000100000000)
 ParOldGen       total 360448K, used 252926K [0x00000000c0000000, 0x00000000d6000000, 0x00000000eab00000)
  object space 360448K, 70% used [0x00000000c0000000,0x00000000cf6ffaf8,0x00000000d6000000)
 Metaspace       used 6651K, capacity 7320K, committed 7680K, reserved 1056768K
  class space    used 627K, capacity 656K, committed 768K, reserved 1048576K
}
Event: 25.122 GC heap before
{Heap before GC invocations=24 (full 4):
 PSYoungGen      total 270848K, used 270834K [0x00000000eab00000, 0x0000000100000000, 0x0000000100000000)
  eden space 192512K, 100% used [0x00000000eab00000,0x00000000f6700000,0x00000000f6700000)
  from space 78336K, 99% used [0x00000000f6700000,0x00000000fb37cbd8,0x00000000fb380000)
  to   space 78336K, 0% used [0x00000000fb380000,0x00000000fb380000,0x0000000100000000)
 ParOldGen       total 360448K, used 252926K [0x00000000c0000000, 0x00000000d6000000, 0x00000000eab00000)
  object space 360448K, 70% used [0x00000000c0000000,0x00000000cf6ffaf8,0x00000000d6000000)
 Metaspace       used 6652K, capacity 7320K, committed 7680K, reserved 1056768K
  class space    used 627K, capacity 656K, committed 768K, reserved 1048576K
Event: 25.241 GC heap after
Heap after GC invocations=24 (full 4):
 PSYoungGen      total 229888K, used 57724K [0x00000000eab00000, 0x0000000100000000, 0x0000000100000000)
  eden space 151552K, 0% used [0x00000000eab00000,0x00000000eab00000,0x00000000f3f00000)
  from space 78336K, 73% used [0x00000000fb380000,0x00000000febdf380,0x0000000100000000)
  to   space 98816K, 0% used [0x00000000f3f00000,0x00000000f3f00000,0x00000000f9f80000)
 ParOldGen       total 360448K, used 305994K [0x00000000c0000000, 0x00000000d6000000, 0x00000000eab00000)
  object space 360448K, 84% used [0x00000000c0000000,0x00000000d2ad2b68,0x00000000d6000000)
 Metaspace       used 6652K, capacity 7320K, committed 7680K, reserved 1056768K
  class space    used 627K, capacity 656K, committed 768K, reserved 1048576K
}
Event: 25.529 GC heap before
{Heap before GC invocations=25 (full 4):
 PSYoungGen      total 229888K, used 209276K [0x00000000eab00000, 0x0000000100000000, 0x0000000100000000)
  eden space 151552K, 100% used [0x00000000eab00000,0x00000000f3f00000,0x00000000f3f00000)
  from space 78336K, 73% used [0x00000000fb380000,0x00000000febdf380,0x0000000100000000)
  to   space 98816K, 0% used [0x00000000f3f00000,0x00000000f3f00000,0x00000000f9f80000)
 ParOldGen       total 360448K, used 305994K [0x00000000c0000000, 0x00000000d6000000, 0x00000000eab00000)
  object space 360448K, 84% used [0x00000000c0000000,0x00000000d2ad2b68,0x00000000d6000000)
 Metaspace       used 6652K, capacity 7320K, committed 7680K, reserved 1056768K
  class space    used 627K, capacity 656K, committed 768K, reserved 1048576K
Event: 25.628 GC heap after
Heap after GC invocations=25 (full 4):
 PSYoungGen      total 233984K, used 82360K [0x00000000eab00000, 0x0000000100000000, 0x0000000100000000)
  eden space 151552K, 0% used [0x00000000eab00000,0x00000000eab00000,0x00000000f3f00000)
  from space 82432K, 99% used [0x00000000f3f00000,0x00000000f8f6e0d8,0x00000000f8f80000)
  to   space 109056K, 0% used [0x00000000f9580000,0x00000000f9580000,0x0000000100000000)
 ParOldGen       total 360448K, used 305994K [0x00000000c0000000, 0x00000000d6000000, 0x00000000eab00000)
  object space 360448K, 84% used [0x00000000c0000000,0x00000000d2ad2b68,0x00000000d6000000)
 Metaspace       used 6652K, capacity 7320K, committed 7680K, reserved 1056768K
  class space    used 627K, capacity 656K, committed 768K, reserved 1048576K
}
Event: 26.147 GC heap before
{Heap before GC invocations=26 (full 4):
 PSYoungGen      total 233984K, used 233912K [0x00000000eab00000, 0x0000000100000000, 0x0000000100000000)
  eden space 151552K, 100% used [0x00000000eab00000,0x00000000f3f00000,0x00000000f3f00000)
  from space 82432K, 99% used [0x00000000f3f00000,0x00000000f8f6e0d8,0x00000000f8f80000)
  to   space 109056K, 0% used [0x00000000f9580000,0x00000000f9580000,0x0000000100000000)
 ParOldGen       total 360448K, used 305994K [0x00000000c0000000, 0x00000000d6000000, 0x00000000eab00000)
  object space 360448K, 84% used [0x00000000c0000000,0x00000000d2ad2b68,0x00000000d6000000)
 Metaspace       used 6662K, capacity 7320K, committed 7680K, reserved 1056768K
  class space    used 628K, capacity 656K, committed 768K, reserved 1048576K
Event: 26.255 GC heap after
Heap after GC invocations=26 (full 4):
 PSYoungGen      total 225792K, used 103192K [0x00000000eab00000, 0x0000000100000000, 0x0000000100000000)
  eden space 116736K, 0% used [0x00000000eab00000,0x00000000eab00000,0x00000000f1d00000)
  from space 109056K, 94% used [0x00000000f9580000,0x00000000ffa46320,0x0000000100000000)
  to   space 116224K, 0% used [0x00000000f1d00000,0x00000000f1d00000,0x00000000f8e80000)
 ParOldGen       total 360448K, used 305994K [0x00000000c0000000, 0x00000000d6000000, 0x00000000eab00000)
  object space 360448K, 84% used [0x00000000c0000000,0x00000000d2ad2b68,0x00000000d6000000)
 Metaspace       used 6662K, capacity 7320K, committed 7680K, reserved 1056768K
  class space    used 628K, capacity 656K, committed 768K, reserved 1048576K
}
Event: 26.636 GC heap before
{Heap before GC invocations=27 (full 4):
 PSYoungGen      total 225792K, used 219928K [0x00000000eab00000, 0x0000000100000000, 0x0000000100000000)
  eden space 116736K, 100% used [0x00000000eab00000,0x00000000f1d00000,0x00000000f1d00000)
  from space 109056K, 94% used [0x00000000f9580000,0x00000000ffa46320,0x0000000100000000)
  to   space 116224K, 0% used [0x00000000f1d00000,0x00000000f1d00000,0x00000000f8e80000)
 ParOldGen       total 360448K, used 305994K [0x00000000c0000000, 0x00000000d6000000, 0x00000000eab00000)
  object space 360448K, 84% used [0x00000000c0000000,0x00000000d2ad2b68,0x00000000d6000000)
 Metaspace       used 6664K, capacity 7320K, committed 7680K, reserved 1056768K
  class space    used 628K, capacity 656K, committed 768K, reserved 1048576K
Event: 26.811 GC heap after
Heap after GC invocations=27 (full 4):
 PSYoungGen      total 232960K, used 73994K [0x00000000eab00000, 0x0000000100000000, 0x0000000100000000)
  eden space 116736K, 0% used [0x00000000eab00000,0x00000000eab00000,0x00000000f1d00000)
  from space 116224K, 63% used [0x00000000f1d00000,0x00000000f6542928,0x00000000f8e80000)
  to   space 116224K, 0% used [0x00000000f8e80000,0x00000000f8e80000,0x0000000100000000)
 ParOldGen       total 363008K, used 362617K [0x00000000c0000000, 0x00000000d6280000, 0x00000000eab00000)
  object space 363008K, 99% used [0x00000000c0000000,0x00000000d621e468,0x00000000d6280000)
 Metaspace       used 6664K, capacity 7320K, committed 7680K, reserved 1056768K
  class space    used 628K, capacity 656K, committed 768K, reserved 1048576K
}
Event: 26.811 GC heap before
{Heap before GC invocations=28 (full 5):
 PSYoungGen      total 232960K, used 73994K [0x00000000eab00000, 0x0000000100000000, 0x0000000100000000)
  eden space 116736K, 0% used [0x00000000eab00000,0x00000000eab00000,0x00000000f1d00000)
  from space 116224K, 63% used [0x00000000f1d00000,0x00000000f6542928,0x00000000f8e80000)
  to   space 116224K, 0% used [0x00000000f8e80000,0x00000000f8e80000,0x0000000100000000)
 ParOldGen       total 363008K, used 362617K [0x00000000c0000000, 0x00000000d6280000, 0x00000000eab00000)
  object space 363008K, 99% used [0x00000000c0000000,0x00000000d621e468,0x00000000d6280000)
 Metaspace       used 6664K, capacity 7320K, committed 7680K, reserved 1056768K
  class space    used 628K, capacity 656K, committed 768K, reserved 1048576K

