# JRE version: Java(TM) SE Runtime Environment (8.0_60-b27) (build 1.8.0_60-b27)
# Java VM: Java HotSpot(TM) 64-Bit Server VM (25.60-b23 mixed mode windows-amd64 compressed oops)
Heap:
 PSYoungGen      total 216064K, used 47922K [0x00000000eab00000, 0x00000000fa480000, 0x0000000100000000)
  eden space 196608K, 19% used [0x00000000eab00000,0x00000000ecf7f5d0,0x00000000f6b00000)
  from space 19456K, 54% used [0x00000000f8480000,0x00000000f8ecd280,0x00000000f9780000)
  to   space 26112K, 0% used [0x00000000f6b00000,0x00000000f6b00000,0x00000000f8480000)
 ParOldGen       total 81920K, used 44021K [0x00000000c0000000, 0x00000000c5000000, 0x00000000eab00000)
  object space 81920K, 53% used [0x00000000c0000000,0x00000000c2afd6f8,0x00000000c5000000)
 Metaspace       used 6543K, capacity 7256K, committed 7424K, reserved 1056768K
  class space    used 625K, capacity 656K, committed 768K, reserved 1048576K
GC Heap History (10 events):
Event: 0.553 GC heap before
{Heap before GC invocations=5 (full 0):
 PSYoungGen      total 35328K, used 35300K [0x00000000eab00000, 0x00000000ed000000, 0x0000000100000000)
  eden space 32768K, 100% used [0x00000000eab00000,0x00000000ecb00000,0x00000000ecb00000)
  from space 2560K, 98% used [0x00000000ecd80000,0x00000000ecff9298,0x00000000ed000000)
  to   space 2560K, 0% used [0x00000000ecb00000,0x00000000ecb00000,0x00000000ecd80000)
 ParOldGen       total 44032K, used 234K [0x00000000c0000000, 0x00000000c2b00000, 0x00000000eab00000)
  object space 44032K, 0% used [0x00000000c0000000,0x00000000c003aad0,0x00000000c2b00000)
 Metaspace       used 3420K, capacity 4720K, committed 4864K, reserved 1056768K
  class space    used 371K, capacity 424K, committed 512K, reserved 1048576K
Event: 0.555 GC heap after
Heap after GC invocations=5 (full 0):
 PSYoungGen      total 35328K, used 2516K [0x00000000eab00000, 0x00000000ef100000, 0x0000000100000000)
  eden space 32768K, 0% used [0x00000000eab00000,0x00000000eab00000,0x00000000ecb00000)
  from space 2560K, 98% used [0x00000000ecb00000,0x00000000ecd75288,0x00000000ecd80000)
  to   space 3072K, 0% used [0x00000000eee00000,0x00000000eee00000,0x00000000ef100000)
 ParOldGen       total 44032K, used 234K [0x00000000c0000000, 0x00000000c2b00000, 0x00000000eab00000)
  object space 44032K, 0% used [0x00000000c0000000,0x00000000c003aad0,0x00000000c2b00000)
 Metaspace       used 3420K, capacity 4720K, committed 4864K, reserved 1056768K
  class space    used 371K, capacity 424K, committed 512K, reserved 1048576K
}
Event: 0.571 GC heap before
{Heap before GC invocations=6 (full 0):
 PSYoungGen      total 35328K, used 35284K [0x00000000eab00000, 0x00000000ef100000, 0x0000000100000000)
  eden space 32768K, 100% used [0x00000000eab00000,0x00000000ecb00000,0x00000000ecb00000)
  from space 2560K, 98% used [0x00000000ecb00000,0x00000000ecd75288,0x00000000ecd80000)
  to   space 3072K, 0% used [0x00000000eee00000,0x00000000eee00000,0x00000000ef100000)
 ParOldGen       total 44032K, used 234K [0x00000000c0000000, 0x00000000c2b00000, 0x00000000eab00000)
  object space 44032K, 0% used [0x00000000c0000000,0x00000000c003aad0,0x00000000c2b00000)
 Metaspace       used 3420K, capacity 4720K, committed 4864K, reserved 1056768K
  class space    used 371K, capacity 424K, committed 512K, reserved 1048576K
Event: 0.575 GC heap after
Heap after GC invocations=6 (full 0):
 PSYoungGen      total 68608K, used 2500K [0x00000000eab00000, 0x00000000ef100000, 0x0000000100000000)
  eden space 65536K, 0% used [0x00000000eab00000,0x00000000eab00000,0x00000000eeb00000)
  from space 3072K, 81% used [0x00000000eee00000,0x00000000ef071298,0x00000000ef100000)
  to   space 3072K, 0% used [0x00000000eeb00000,0x00000000eeb00000,0x00000000eee00000)
 ParOldGen       total 44032K, used 234K [0x00000000c0000000, 0x00000000c2b00000, 0x00000000eab00000)
  object space 44032K, 0% used [0x00000000c0000000,0x00000000c003aad0,0x00000000c2b00000)
 Metaspace       used 3420K, capacity 4720K, committed 4864K, reserved 1056768K
  class space    used 371K, capacity 424K, committed 512K, reserved 1048576K
}
Event: 1.593 GC heap before
{Heap before GC invocations=7 (full 0):
 PSYoungGen      total 68608K, used 68036K [0x00000000eab00000, 0x00000000ef100000, 0x0000000100000000)
  eden space 65536K, 100% used [0x00000000eab00000,0x00000000eeb00000,0x00000000eeb00000)
  from space 3072K, 81% used [0x00000000eee00000,0x00000000ef071298,0x00000000ef100000)
  to   space 3072K, 0% used [0x00000000eeb00000,0x00000000eeb00000,0x00000000eee00000)
 ParOldGen       total 44032K, used 234K [0x00000000c0000000, 0x00000000c2b00000, 0x00000000eab00000)
  object space 44032K, 0% used [0x00000000c0000000,0x00000000c003aad0,0x00000000c2b00000)
 Metaspace       used 6225K, capacity 7088K, committed 7296K, reserved 1056768K
  class space    used 602K, capacity 616K, committed 640K, reserved 1048576K
Event: 1.612 GC heap after
Heap after GC invocations=7 (full 0):
 PSYoungGen      total 68608K, used 3049K [0x00000000eab00000, 0x00000000f3a00000, 0x0000000100000000)
  eden space 65536K, 0% used [0x00000000eab00000,0x00000000eab00000,0x00000000eeb00000)
  from space 3072K, 99% used [0x00000000eeb00000,0x00000000eedfa4e8,0x00000000eee00000)
  to   space 7680K, 0% used [0x00000000f3280000,0x00000000f3280000,0x00000000f3a00000)
 ParOldGen       total 44032K, used 9405K [0x00000000c0000000, 0x00000000c2b00000, 0x00000000eab00000)
  object space 44032K, 21% used [0x00000000c0000000,0x00000000c092f410,0x00000000c2b00000)
 Metaspace       used 6225K, capacity 7088K, committed 7296K, reserved 1056768K
  class space    used 602K, capacity 616K, committed 640K, reserved 1048576K
}
Event: 2.044 GC heap before
{Heap before GC invocations=8 (full 0):
 PSYoungGen      total 68608K, used 68585K [0x00000000eab00000, 0x00000000f3a00000, 0x0000000100000000)
  eden space 65536K, 100% used [0x00000000eab00000,0x00000000eeb00000,0x00000000eeb00000)
  from space 3072K, 99% used [0x00000000eeb00000,0x00000000eedfa4e8,0x00000000eee00000)
  to   space 7680K, 0% used [0x00000000f3280000,0x00000000f3280000,0x00000000f3a00000)
 ParOldGen       total 44032K, used 9405K [0x00000000c0000000, 0x00000000c2b00000, 0x00000000eab00000)
  object space 44032K, 21% used [0x00000000c0000000,0x00000000c092f410,0x00000000c2b00000)
 Metaspace       used 6322K, capacity 7152K, committed 7296K, reserved 1056768K
  class space    used 604K, capacity 616K, committed 640K, reserved 1048576K
Event: 2.069 GC heap after
Heap after GC invocations=8 (full 0):
 PSYoungGen      total 134656K, used 7651K [0x00000000eab00000, 0x00000000f4200000, 0x0000000100000000)
  eden space 126976K, 0% used [0x00000000eab00000,0x00000000eab00000,0x00000000f2700000)
  from space 7680K, 99% used [0x00000000f3280000,0x00000000f39f8ca8,0x00000000f3a00000)
  to   space 11776K, 0% used [0x00000000f2700000,0x00000000f2700000,0x00000000f3280000)
 ParOldGen       total 44032K, used 15670K [0x00000000c0000000, 0x00000000c2b00000, 0x00000000eab00000)
  object space 44032K, 35% used [0x00000000c0000000,0x00000000c0f4d948,0x00000000c2b00000)
 Metaspace       used 6322K, capacity 7152K, committed 7296K, reserved 1056768K
  class space    used 604K, capacity 616K, committed 640K, reserved 1048576K
}
Event: 3.553 GC heap before
{Heap before GC invocations=9 (full 0):
 PSYoungGen      total 134656K, used 134627K [0x00000000eab00000, 0x00000000f4200000, 0x0000000100000000)
  eden space 126976K, 100% used [0x00000000eab00000,0x00000000f2700000,0x00000000f2700000)
  from space 7680K, 99% used [0x00000000f3280000,0x00000000f39f8ca8,0x00000000f3a00000)
  to   space 11776K, 0% used [0x00000000f2700000,0x00000000f2700000,0x00000000f3280000)
 ParOldGen       total 44032K, used 15670K [0x00000000c0000000, 0x00000000c2b00000, 0x00000000eab00000)
  object space 44032K, 35% used [0x00000000c0000000,0x00000000c0f4d948,0x00000000c2b00000)
 Metaspace       used 6494K, capacity 7256K, committed 7424K, reserved 1056768K
  class space    used 625K, capacity 656K, committed 768K, reserved 1048576K
Event: 3.605 GC heap after
Heap after GC invocations=9 (full 0):
 PSYoungGen      total 138752K, used 11769K [0x00000000eab00000, 0x00000000f9780000, 0x0000000100000000)
  eden space 126976K, 0% used [0x00000000eab00000,0x00000000eab00000,0x00000000f2700000)
  from space 11776K, 99% used [0x00000000f2700000,0x00000000f327e790,0x00000000f3280000)
  to   space 19456K, 0% used [0x00000000f8480000,0x00000000f8480000,0x00000000f9780000)
 ParOldGen       total 44032K, used 29950K [0x00000000c0000000, 0x00000000c2b00000, 0x00000000eab00000)
  object space 44032K, 68% used [0x00000000c0000000,0x00000000c1d3fbc8,0x00000000c2b00000)
 Metaspace       used 6494K, capacity 7256K, committed 7424K, reserved 1056768K
  class space    used 625K, capacity 656K, committed 768K, reserved 1048576K
}

